SF:/Users/christophercaldwell/Documents/ChrisBlabber/BlabberApp.Domain/Entities/Blab.cs
FN:35,System.Guid BlabberApp.Domain.Entities.Blab::get_Id()
FNDA:28,System.Guid BlabberApp.Domain.Entities.Blab::get_Id()
DA:36,28
FN:36,System.DateTime BlabberApp.Domain.Entities.Blab::get_DTTM()
FNDA:29,System.DateTime BlabberApp.Domain.Entities.Blab::get_DTTM()
DA:37,29
FN:37,System.String BlabberApp.Domain.Entities.Blab::get_Message()
FNDA:30,System.String BlabberApp.Domain.Entities.Blab::get_Message()
DA:38,30
FN:38,BlabberApp.Domain.Entities.User BlabberApp.Domain.Entities.Blab::get_User()
FNDA:25,BlabberApp.Domain.Entities.User BlabberApp.Domain.Entities.Blab::get_User()
DA:39,25
FN:40,System.Boolean BlabberApp.Domain.Entities.Blab::IsValid()
FNDA:1,System.Boolean BlabberApp.Domain.Entities.Blab::IsValid()
DA:41,1
DA:43,1
DA:44,1
FN:7,System.Void BlabberApp.Domain.Entities.Blab::.ctor()
FNDA:17,System.Void BlabberApp.Domain.Entities.Blab::.ctor()
DA:8,17
DA:9,17
DA:10,17
DA:11,17
DA:12,17
DA:13,17
DA:14,17
FN:14,System.Void BlabberApp.Domain.Entities.Blab::.ctor(System.String)
FNDA:4,System.Void BlabberApp.Domain.Entities.Blab::.ctor(System.String)
DA:15,4
DA:16,4
DA:17,4
DA:18,4
DA:19,4
DA:20,4
DA:21,4
FN:21,System.Void BlabberApp.Domain.Entities.Blab::.ctor(BlabberApp.Domain.Entities.User)
FNDA:1,System.Void BlabberApp.Domain.Entities.Blab::.ctor(BlabberApp.Domain.Entities.User)
DA:22,1
DA:23,1
DA:24,1
DA:25,1
DA:26,1
DA:27,1
DA:28,1
FN:28,System.Void BlabberApp.Domain.Entities.Blab::.ctor(System.String,BlabberApp.Domain.Entities.User)
FNDA:1,System.Void BlabberApp.Domain.Entities.Blab::.ctor(System.String,BlabberApp.Domain.Entities.User)
DA:29,1
DA:30,1
DA:31,1
DA:32,1
DA:33,1
DA:34,1
DA:35,1
LF:35
LH:35
BRF:0
BRH:0
FNF:9
FNH:9
end_of_record
SF:/Users/christophercaldwell/Documents/ChrisBlabber/BlabberApp.Domain/Entities/User.cs
FN:7,System.Guid BlabberApp.Domain.Entities.User::get_Id()
FNDA:43,System.Guid BlabberApp.Domain.Entities.User::get_Id()
DA:8,43
FN:8,System.DateTime BlabberApp.Domain.Entities.User::get_RegisterDTTM()
FNDA:9,System.DateTime BlabberApp.Domain.Entities.User::get_RegisterDTTM()
DA:9,9
FN:9,System.DateTime BlabberApp.Domain.Entities.User::get_LastLoginDTTM()
FNDA:9,System.DateTime BlabberApp.Domain.Entities.User::get_LastLoginDTTM()
DA:10,9
FN:10,System.String BlabberApp.Domain.Entities.User::get_Email()
FNDA:12,System.String BlabberApp.Domain.Entities.User::get_Email()
DA:11,12
FN:24,System.Void BlabberApp.Domain.Entities.User::ChangeEmail(System.String)
FNDA:6,System.Void BlabberApp.Domain.Entities.User::ChangeEmail(System.String)
DA:25,6
DA:26,6
DA:27,6
FN:28,System.Boolean BlabberApp.Domain.Entities.User::IsValid()
FNDA:2,System.Boolean BlabberApp.Domain.Entities.User::IsValid()
DA:29,2
DA:30,3
DA:31,1
DA:32,1
DA:33,1
DA:36,2
BRDA:30,12,0,1
BRDA:30,12,1,1
FN:12,System.Void BlabberApp.Domain.Entities.User::.ctor()
FNDA:34,System.Void BlabberApp.Domain.Entities.User::.ctor()
DA:13,34
DA:14,34
DA:15,34
DA:16,34
FN:17,System.Void BlabberApp.Domain.Entities.User::.ctor(System.String)
FNDA:4,System.Void BlabberApp.Domain.Entities.User::.ctor(System.String)
DA:18,4
DA:19,4
DA:20,4
DA:21,4
DA:22,4
LF:22
LH:22
BRF:2
BRH:2
FNF:8
FNH:8
end_of_record