SF:C:\Users\ccaldwell\Documents\Projects\assignment-05-c-caldwell\BlabberApp.DataStore\Plugins\InMemory.cs
FN:17,System.Void BlabberApp.DataStore.Plugins.InMemory::Create(BlabberApp.Domain.Interfaces.IEntity)
FNDA:10,System.Void BlabberApp.DataStore.Plugins.InMemory::Create(BlabberApp.Domain.Interfaces.IEntity)
DA:18,10
DA:19,10
DA:20,10
FN:22,System.Collections.IEnumerable BlabberApp.DataStore.Plugins.InMemory::ReadAll()
FNDA:3,System.Collections.IEnumerable BlabberApp.DataStore.Plugins.InMemory::ReadAll()
DA:23,3
DA:24,3
DA:25,3
FN:27,BlabberApp.Domain.Interfaces.IEntity BlabberApp.DataStore.Plugins.InMemory::ReadById(System.Guid)
FNDA:2,BlabberApp.Domain.Interfaces.IEntity BlabberApp.DataStore.Plugins.InMemory::ReadById(System.Guid)
DA:28,2
DA:29,9
DA:30,2
DA:31,3
DA:32,1
DA:33,1
DA:34,2
BRDA:29,57,1,2
BRDA:31,44,0,1
BRDA:31,44,1,1
BRDA:29,57,0,1
FN:35,System.Collections.IEnumerable BlabberApp.DataStore.Plugins.InMemory::ReadByUserId(System.String)
FNDA:1,System.Collections.IEnumerable BlabberApp.DataStore.Plugins.InMemory::ReadByUserId(System.String)
DA:36,1
DA:37,1
DA:38,1
FN:39,BlabberApp.Domain.Interfaces.IEntity BlabberApp.DataStore.Plugins.InMemory::ReadByUserEmail(System.String)
FNDA:2,BlabberApp.Domain.Interfaces.IEntity BlabberApp.DataStore.Plugins.InMemory::ReadByUserEmail(System.String)
DA:40,2
DA:41,9
DA:42,2
DA:43,2
DA:44,1
DA:45,1
DA:47,1
DA:48,1
DA:49,2
BRDA:41,57,1,2
BRDA:43,43,0,1
BRDA:43,43,1,1
BRDA:41,57,0,1
FN:51,System.Void BlabberApp.DataStore.Plugins.InMemory::Update(BlabberApp.Domain.Interfaces.IEntity)
FNDA:1,System.Void BlabberApp.DataStore.Plugins.InMemory::Update(BlabberApp.Domain.Interfaces.IEntity)
DA:52,1
DA:53,1
DA:54,1
DA:55,1
FN:57,System.Void BlabberApp.DataStore.Plugins.InMemory::Delete(BlabberApp.Domain.Interfaces.IEntity)
FNDA:1,System.Void BlabberApp.DataStore.Plugins.InMemory::Delete(BlabberApp.Domain.Interfaces.IEntity)
DA:58,1
DA:59,1
DA:60,1
FN:62,System.Void BlabberApp.DataStore.Plugins.InMemory::DeleteAll(System.String)
FNDA:1,System.Void BlabberApp.DataStore.Plugins.InMemory::DeleteAll(System.String)
DA:63,1
DA:64,1
DA:65,1
FN:11,System.Void BlabberApp.DataStore.Plugins.InMemory::.ctor()
FNDA:8,System.Void BlabberApp.DataStore.Plugins.InMemory::.ctor()
DA:12,8
DA:13,8
DA:14,8
DA:15,8
LF:39
LH:39
BRF:8
BRH:8
FNF:9
FNH:9
end_of_record
SF:C:\Users\ccaldwell\Documents\Projects\assignment-05-c-caldwell\BlabberApp.DataStore\Plugins\MySqlBlab.cs
FN:20,System.Void BlabberApp.DataStore.Plugins.MySqlBlab::Create(BlabberApp.Domain.Interfaces.IEntity)
FNDA:9,System.Void BlabberApp.DataStore.Plugins.MySqlBlab::Create(BlabberApp.Domain.Interfaces.IEntity)
DA:21,9
DA:22,9
DA:23,9
DA:24,9
DA:25,9
DA:26,9
DA:27,9
DA:28,9
DA:29,9
DA:30,9
DA:32,9
FN:34,System.Collections.IEnumerable BlabberApp.DataStore.Plugins.MySqlBlab::ReadAll()
FNDA:1,System.Collections.IEnumerable BlabberApp.DataStore.Plugins.MySqlBlab::ReadAll()
DA:35,1
DA:36,1
DA:37,1
DA:38,1
DA:39,1
DA:41,1
DA:43,1
DA:45,15
DA:46,6
DA:47,6
DA:48,6
DA:50,1
DA:52,1
BRDA:45,114,1,6
BRDA:45,114,0,1
FN:54,BlabberApp.Domain.Interfaces.IEntity BlabberApp.DataStore.Plugins.MySqlBlab::ReadById(System.Guid)
FNDA:4,BlabberApp.Domain.Interfaces.IEntity BlabberApp.DataStore.Plugins.MySqlBlab::ReadById(System.Guid)
DA:55,4
DA:57,4
DA:58,4
DA:59,4
DA:60,4
DA:62,4
DA:63,7
DA:64,3
DA:66,3
DA:68,3
DA:69,3
DA:71,3
DA:72,1
DA:73,1
DA:76,4
BRDA:63,98,0,3
BRDA:63,98,1,1
FN:78,System.Collections.IEnumerable BlabberApp.DataStore.Plugins.MySqlBlab::ReadByUserId(System.String)
FNDA:2,System.Collections.IEnumerable BlabberApp.DataStore.Plugins.MySqlBlab::ReadByUserId(System.String)
DA:79,2
DA:80,2
DA:81,2
DA:82,2
DA:83,2
DA:84,2
DA:85,2
DA:86,18
DA:87,6
DA:88,6
DA:89,6
DA:91,2
DA:93,2
BRDA:86,130,1,6
BRDA:86,130,0,2
FN:95,System.Void BlabberApp.DataStore.Plugins.MySqlBlab::Update(BlabberApp.Domain.Interfaces.IEntity)
FNDA:1,System.Void BlabberApp.DataStore.Plugins.MySqlBlab::Update(BlabberApp.Domain.Interfaces.IEntity)
DA:96,1
DA:97,1
DA:98,1
DA:99,1
DA:100,1
FN:102,System.Void BlabberApp.DataStore.Plugins.MySqlBlab::Delete(BlabberApp.Domain.Interfaces.IEntity)
FNDA:3,System.Void BlabberApp.DataStore.Plugins.MySqlBlab::Delete(BlabberApp.Domain.Interfaces.IEntity)
DA:103,3
DA:104,3
DA:105,3
DA:106,3
DA:107,3
DA:108,3
FN:110,System.Void BlabberApp.DataStore.Plugins.MySqlBlab::DeleteAll(System.String)
FNDA:2,System.Void BlabberApp.DataStore.Plugins.MySqlBlab::DeleteAll(System.String)
DA:111,2
DA:112,2
DA:113,2
DA:114,2
DA:115,2
FN:116,BlabberApp.Domain.Entities.Blab BlabberApp.DataStore.Plugins.MySqlBlab::DataRow2Blab(System.Data.DataRow)
FNDA:12,BlabberApp.Domain.Entities.Blab BlabberApp.DataStore.Plugins.MySqlBlab::DataRow2Blab(System.Data.DataRow)
DA:117,12
DA:118,12
DA:120,12
DA:122,12
DA:124,12
DA:125,12
DA:126,12
DA:128,12
DA:129,12
FN:13,System.Void BlabberApp.DataStore.Plugins.MySqlBlab::.ctor()
FNDA:7,System.Void BlabberApp.DataStore.Plugins.MySqlBlab::.ctor()
DA:14,7
DA:15,7
DA:16,7
DA:17,7
DA:19,7
LF:82
LH:82
BRF:6
BRH:6
FNF:9
FNH:9
end_of_record
SF:C:\Users\ccaldwell\Documents\Projects\assignment-05-c-caldwell\BlabberApp.DataStore\Plugins\MySqlUser.cs
FN:21,System.Void BlabberApp.DataStore.Plugins.MySqlUser::Create(BlabberApp.Domain.Interfaces.IEntity)
FNDA:8,System.Void BlabberApp.DataStore.Plugins.MySqlUser::Create(BlabberApp.Domain.Interfaces.IEntity)
DA:22,8
DA:23,8
DA:24,8
DA:25,8
DA:26,8
DA:27,8
DA:28,8
DA:29,8
DA:30,8
DA:31,8
DA:32,8
FN:34,System.Collections.IEnumerable BlabberApp.DataStore.Plugins.MySqlUser::ReadAll()
FNDA:1,System.Collections.IEnumerable BlabberApp.DataStore.Plugins.MySqlUser::ReadAll()
DA:35,1
DA:36,1
DA:37,1
DA:38,1
DA:39,1
DA:41,1
DA:43,1
DA:45,17
DA:46,7
DA:47,7
DA:48,7
DA:50,1
DA:51,1
BRDA:45,119,1,7
BRDA:45,119,0,1
FN:53,BlabberApp.Domain.Interfaces.IEntity BlabberApp.DataStore.Plugins.MySqlUser::ReadById(System.Guid)
FNDA:4,BlabberApp.Domain.Interfaces.IEntity BlabberApp.DataStore.Plugins.MySqlUser::ReadById(System.Guid)
DA:54,4
DA:55,4
DA:56,4
DA:57,4
DA:58,4
DA:60,4
DA:61,7
DA:62,3
DA:63,3
DA:64,1
DA:65,1
DA:67,4
BRDA:61,98,0,3
BRDA:61,98,1,1
FN:68,BlabberApp.Domain.Interfaces.IEntity BlabberApp.DataStore.Plugins.MySqlUser::ReadByUserEmail(System.String)
FNDA:3,BlabberApp.Domain.Interfaces.IEntity BlabberApp.DataStore.Plugins.MySqlUser::ReadByUserEmail(System.String)
DA:69,3
DA:70,3
DA:71,3
DA:72,3
DA:73,3
DA:75,3
DA:76,5
DA:77,2
DA:79,2
DA:80,1
DA:81,1
DA:83,3
BRDA:76,91,0,2
BRDA:76,91,1,1
FN:85,System.Void BlabberApp.DataStore.Plugins.MySqlUser::Update(BlabberApp.Domain.Interfaces.IEntity)
FNDA:1,System.Void BlabberApp.DataStore.Plugins.MySqlUser::Update(BlabberApp.Domain.Interfaces.IEntity)
DA:86,1
DA:87,1
DA:88,1
DA:89,1
DA:90,1
FN:92,System.Void BlabberApp.DataStore.Plugins.MySqlUser::Delete(BlabberApp.Domain.Interfaces.IEntity)
FNDA:4,System.Void BlabberApp.DataStore.Plugins.MySqlUser::Delete(BlabberApp.Domain.Interfaces.IEntity)
DA:93,4
DA:94,4
DA:95,4
DA:96,4
DA:97,4
DA:98,4
FN:100,System.Void BlabberApp.DataStore.Plugins.MySqlUser::DeleteAll(System.String)
FNDA:8,System.Void BlabberApp.DataStore.Plugins.MySqlUser::DeleteAll(System.String)
DA:101,8
DA:102,8
DA:103,8
DA:104,8
DA:105,8
FN:107,BlabberApp.Domain.Entities.User BlabberApp.DataStore.Plugins.MySqlUser::DataRow2User(System.Data.DataRow)
FNDA:12,BlabberApp.Domain.Entities.User BlabberApp.DataStore.Plugins.MySqlUser::DataRow2User(System.Data.DataRow)
DA:108,12
DA:109,12
DA:111,12
DA:112,12
DA:113,12
DA:114,12
DA:116,12
DA:117,12
FN:13,System.Void BlabberApp.DataStore.Plugins.MySqlUser::.ctor()
FNDA:8,System.Void BlabberApp.DataStore.Plugins.MySqlUser::.ctor()
DA:14,8
DA:15,8
DA:16,8
DA:18,8
DA:20,8
LF:77
LH:77
BRF:6
BRH:6
FNF:9
FNH:9
end_of_record
SF:C:\Users\ccaldwell\Documents\Projects\assignment-05-c-caldwell\BlabberApp.DataStore\Adapters\BlabAdapter.cs
FN:17,System.Void BlabberApp.DataStore.Adapters.BlabAdapter::Add(BlabberApp.Domain.Entities.Blab)
FNDA:9,System.Void BlabberApp.DataStore.Adapters.BlabAdapter::Add(BlabberApp.Domain.Entities.Blab)
DA:18,9
DA:19,9
DA:20,9
FN:22,System.Void BlabberApp.DataStore.Adapters.BlabAdapter::Remove(BlabberApp.Domain.Entities.Blab)
FNDA:2,System.Void BlabberApp.DataStore.Adapters.BlabAdapter::Remove(BlabberApp.Domain.Entities.Blab)
DA:23,2
DA:24,2
DA:25,2
FN:27,System.Void BlabberApp.DataStore.Adapters.BlabAdapter::Update(BlabberApp.Domain.Entities.Blab)
FNDA:1,System.Void BlabberApp.DataStore.Adapters.BlabAdapter::Update(BlabberApp.Domain.Entities.Blab)
DA:28,1
DA:29,1
DA:30,1
FN:32,System.Collections.IEnumerable BlabberApp.DataStore.Adapters.BlabAdapter::GetAll()
FNDA:1,System.Collections.IEnumerable BlabberApp.DataStore.Adapters.BlabAdapter::GetAll()
DA:33,1
DA:34,1
DA:35,1
FN:37,BlabberApp.Domain.Entities.Blab BlabberApp.DataStore.Adapters.BlabAdapter::GetById(System.Guid)
FNDA:4,BlabberApp.Domain.Entities.Blab BlabberApp.DataStore.Adapters.BlabAdapter::GetById(System.Guid)
DA:38,4
DA:39,4
DA:40,4
FN:41,System.Collections.IEnumerable BlabberApp.DataStore.Adapters.BlabAdapter::GetByUserId(System.String)
FNDA:3,System.Collections.IEnumerable BlabberApp.DataStore.Adapters.BlabAdapter::GetByUserId(System.String)
DA:42,3
DA:43,3
DA:44,3
FN:45,System.Void BlabberApp.DataStore.Adapters.BlabAdapter::DeleteAll(System.String)
FNDA:2,System.Void BlabberApp.DataStore.Adapters.BlabAdapter::DeleteAll(System.String)
DA:46,2
DA:47,2
DA:48,2
FN:11,System.Void BlabberApp.DataStore.Adapters.BlabAdapter::.ctor(BlabberApp.DataStore.Interfaces.IBlabPlugin)
FNDA:8,System.Void BlabberApp.DataStore.Adapters.BlabAdapter::.ctor(BlabberApp.DataStore.Interfaces.IBlabPlugin)
DA:12,8
DA:13,8
DA:14,8
DA:15,8
LF:25
LH:25
BRF:0
BRH:0
FNF:8
FNH:8
end_of_record
SF:C:\Users\ccaldwell\Documents\Projects\assignment-05-c-caldwell\BlabberApp.DataStore\Adapters\UserAdapter.cs
FN:17,System.Void BlabberApp.DataStore.Adapters.UserAdapter::Add(BlabberApp.Domain.Entities.User)
FNDA:15,System.Void BlabberApp.DataStore.Adapters.UserAdapter::Add(BlabberApp.Domain.Entities.User)
DA:18,15
DA:19,15
DA:20,15
FN:22,System.Void BlabberApp.DataStore.Adapters.UserAdapter::Remove(BlabberApp.Domain.Entities.User)
FNDA:3,System.Void BlabberApp.DataStore.Adapters.UserAdapter::Remove(BlabberApp.Domain.Entities.User)
DA:23,3
DA:24,3
DA:25,3
FN:27,System.Void BlabberApp.DataStore.Adapters.UserAdapter::Update(BlabberApp.Domain.Entities.User)
FNDA:2,System.Void BlabberApp.DataStore.Adapters.UserAdapter::Update(BlabberApp.Domain.Entities.User)
DA:28,2
DA:29,2
DA:30,2
FN:32,System.Collections.IEnumerable BlabberApp.DataStore.Adapters.UserAdapter::GetAll()
FNDA:4,System.Collections.IEnumerable BlabberApp.DataStore.Adapters.UserAdapter::GetAll()
DA:33,4
DA:34,4
DA:35,4
FN:37,BlabberApp.Domain.Entities.User BlabberApp.DataStore.Adapters.UserAdapter::GetById(System.Guid)
FNDA:6,BlabberApp.Domain.Entities.User BlabberApp.DataStore.Adapters.UserAdapter::GetById(System.Guid)
DA:38,6
DA:39,6
DA:40,6
FN:42,BlabberApp.Domain.Entities.User BlabberApp.DataStore.Adapters.UserAdapter::GetByEmail(System.String)
FNDA:5,BlabberApp.Domain.Entities.User BlabberApp.DataStore.Adapters.UserAdapter::GetByEmail(System.String)
DA:43,5
DA:44,5
DA:45,5
FN:46,System.Void BlabberApp.DataStore.Adapters.UserAdapter::DeleteAll(System.String)
FNDA:9,System.Void BlabberApp.DataStore.Adapters.UserAdapter::DeleteAll(System.String)
DA:47,9
DA:48,9
DA:49,9
FN:11,System.Void BlabberApp.DataStore.Adapters.UserAdapter::.ctor(BlabberApp.DataStore.Interfaces.IUserPlugin)
FNDA:15,System.Void BlabberApp.DataStore.Adapters.UserAdapter::.ctor(BlabberApp.DataStore.Interfaces.IUserPlugin)
DA:12,15
DA:13,15
DA:14,15
DA:15,15
LF:25
LH:25
BRF:0
BRH:0
FNF:8
FNH:8
end_of_record
SF:C:\Users\ccaldwell\Documents\Projects\assignment-05-c-caldwell\BlabberApp.Domain\Entities\Blab.cs
FN:35,System.Guid BlabberApp.Domain.Entities.Blab::get_Id()
FNDA:59,System.Guid BlabberApp.Domain.Entities.Blab::get_Id()
DA:36,59
FN:36,System.DateTime BlabberApp.Domain.Entities.Blab::get_DTTM()
FNDA:38,System.DateTime BlabberApp.Domain.Entities.Blab::get_DTTM()
DA:37,38
FN:37,System.String BlabberApp.Domain.Entities.Blab::get_Message()
FNDA:51,System.String BlabberApp.Domain.Entities.Blab::get_Message()
DA:38,51
FN:38,BlabberApp.Domain.Entities.User BlabberApp.Domain.Entities.Blab::get_User()
FNDA:33,BlabberApp.Domain.Entities.User BlabberApp.Domain.Entities.Blab::get_User()
DA:39,33
FN:40,System.Boolean BlabberApp.Domain.Entities.Blab::IsValid()
FNDA:1,System.Boolean BlabberApp.Domain.Entities.Blab::IsValid()
DA:41,1
DA:43,1
DA:44,1
FN:7,System.Void BlabberApp.Domain.Entities.Blab::.ctor()
FNDA:3,System.Void BlabberApp.Domain.Entities.Blab::.ctor()
DA:8,3
DA:9,3
DA:10,3
DA:11,3
DA:12,3
DA:13,3
DA:14,3
FN:14,System.Void BlabberApp.Domain.Entities.Blab::.ctor(System.String)
FNDA:1,System.Void BlabberApp.Domain.Entities.Blab::.ctor(System.String)
DA:15,1
DA:16,1
DA:17,1
DA:18,1
DA:19,1
DA:20,1
DA:21,1
FN:21,System.Void BlabberApp.Domain.Entities.Blab::.ctor(BlabberApp.Domain.Entities.User)
FNDA:12,System.Void BlabberApp.Domain.Entities.Blab::.ctor(BlabberApp.Domain.Entities.User)
DA:22,12
DA:23,12
DA:24,12
DA:25,12
DA:26,12
DA:27,12
DA:28,12
FN:28,System.Void BlabberApp.Domain.Entities.Blab::.ctor(System.String,BlabberApp.Domain.Entities.User)
FNDA:8,System.Void BlabberApp.Domain.Entities.Blab::.ctor(System.String,BlabberApp.Domain.Entities.User)
DA:29,8
DA:30,8
DA:31,8
DA:32,8
DA:33,8
DA:34,8
DA:35,8
LF:35
LH:35
BRF:0
BRH:0
FNF:9
FNH:9
end_of_record
SF:C:\Users\ccaldwell\Documents\Projects\assignment-05-c-caldwell\BlabberApp.Domain\Entities\User.cs
FN:7,System.Guid BlabberApp.Domain.Entities.User::get_Id()
FNDA:96,System.Guid BlabberApp.Domain.Entities.User::get_Id()
DA:8,96
FN:8,System.DateTime BlabberApp.Domain.Entities.User::get_RegisterDTTM()
FNDA:21,System.DateTime BlabberApp.Domain.Entities.User::get_RegisterDTTM()
DA:9,21
FN:9,System.DateTime BlabberApp.Domain.Entities.User::get_LastLoginDTTM()
FNDA:21,System.DateTime BlabberApp.Domain.Entities.User::get_LastLoginDTTM()
DA:10,21
FN:10,System.String BlabberApp.Domain.Entities.User::get_Email()
FNDA:100,System.String BlabberApp.Domain.Entities.User::get_Email()
DA:11,100
FN:24,System.Void BlabberApp.Domain.Entities.User::ChangeEmail(System.String)
FNDA:54,System.Void BlabberApp.Domain.Entities.User::ChangeEmail(System.String)
DA:25,54
DA:26,54
DA:27,54
FN:28,System.Boolean BlabberApp.Domain.Entities.User::IsValid()
FNDA:2,System.Boolean BlabberApp.Domain.Entities.User::IsValid()
DA:29,2
DA:30,3
DA:31,1
DA:32,1
DA:33,1
DA:36,2
BRDA:30,12,0,1
BRDA:30,12,1,1
FN:12,System.Void BlabberApp.Domain.Entities.User::.ctor()
FNDA:34,System.Void BlabberApp.Domain.Entities.User::.ctor()
DA:13,34
DA:14,34
DA:15,34
DA:16,34
FN:17,System.Void BlabberApp.Domain.Entities.User::.ctor(System.String)
FNDA:28,System.Void BlabberApp.Domain.Entities.User::.ctor(System.String)
DA:18,28
DA:19,28
DA:20,28
DA:21,28
DA:22,28
LF:22
LH:22
BRF:2
BRH:2
FNF:8
FNH:8
end_of_record