SF:C:\Users\ccaldwell\Documents\Projects\assignment-05-c-caldwell\BlabberApp.DataStore\Plugins\InMemory.cs
FN:17,System.Void BlabberApp.DataStore.Plugins.InMemory::Create(BlabberApp.Domain.Interfaces.IEntity)
FNDA:8,System.Void BlabberApp.DataStore.Plugins.InMemory::Create(BlabberApp.Domain.Interfaces.IEntity)
DA:18,8
DA:19,8
DA:20,8
FN:22,System.Collections.IEnumerable BlabberApp.DataStore.Plugins.InMemory::ReadAll()
FNDA:4,System.Collections.IEnumerable BlabberApp.DataStore.Plugins.InMemory::ReadAll()
DA:23,4
DA:24,4
DA:25,4
FN:27,BlabberApp.Domain.Interfaces.IEntity BlabberApp.DataStore.Plugins.InMemory::ReadById(System.Guid)
FNDA:0,BlabberApp.Domain.Interfaces.IEntity BlabberApp.DataStore.Plugins.InMemory::ReadById(System.Guid)
DA:28,0
DA:29,0
DA:30,0
DA:31,0
DA:32,0
DA:33,0
DA:34,0
BRDA:29,57,1,0
BRDA:31,44,0,0
BRDA:31,44,1,0
BRDA:29,57,0,0
FN:35,System.Collections.IEnumerable BlabberApp.DataStore.Plugins.InMemory::ReadByUserId(System.String)
FNDA:0,System.Collections.IEnumerable BlabberApp.DataStore.Plugins.InMemory::ReadByUserId(System.String)
DA:36,0
DA:37,0
DA:38,0
FN:39,BlabberApp.Domain.Interfaces.IEntity BlabberApp.DataStore.Plugins.InMemory::ReadByUserEmail(System.String)
FNDA:2,BlabberApp.Domain.Interfaces.IEntity BlabberApp.DataStore.Plugins.InMemory::ReadByUserEmail(System.String)
DA:40,2
DA:41,8
DA:42,2
DA:43,2
DA:44,2
DA:45,2
DA:47,0
DA:48,0
DA:49,2
BRDA:41,57,1,2
BRDA:43,43,0,2
BRDA:43,43,1,0
BRDA:41,57,0,0
FN:51,System.Void BlabberApp.DataStore.Plugins.InMemory::Update(BlabberApp.Domain.Interfaces.IEntity)
FNDA:0,System.Void BlabberApp.DataStore.Plugins.InMemory::Update(BlabberApp.Domain.Interfaces.IEntity)
DA:52,0
DA:53,0
DA:54,0
DA:55,0
FN:57,System.Void BlabberApp.DataStore.Plugins.InMemory::Delete(BlabberApp.Domain.Interfaces.IEntity)
FNDA:0,System.Void BlabberApp.DataStore.Plugins.InMemory::Delete(BlabberApp.Domain.Interfaces.IEntity)
DA:58,0
DA:59,0
DA:60,0
FN:62,System.Void BlabberApp.DataStore.Plugins.InMemory::DeleteAll(System.String)
FNDA:0,System.Void BlabberApp.DataStore.Plugins.InMemory::DeleteAll(System.String)
DA:63,0
DA:64,0
DA:65,0
FN:11,System.Void BlabberApp.DataStore.Plugins.InMemory::.ctor()
FNDA:13,System.Void BlabberApp.DataStore.Plugins.InMemory::.ctor()
DA:12,13
DA:13,13
DA:14,13
DA:15,13
LF:39
LH:17
BRF:8
BRH:2
FNF:9
FNH:4
end_of_record
SF:C:\Users\ccaldwell\Documents\Projects\assignment-05-c-caldwell\BlabberApp.DataStore\Plugins\MySqlBlab.cs
FN:20,System.Void BlabberApp.DataStore.Plugins.MySqlBlab::Create(BlabberApp.Domain.Interfaces.IEntity)
FNDA:0,System.Void BlabberApp.DataStore.Plugins.MySqlBlab::Create(BlabberApp.Domain.Interfaces.IEntity)
DA:21,0
DA:22,0
DA:23,0
DA:24,0
DA:25,0
DA:26,0
DA:27,0
DA:28,0
DA:29,0
DA:30,0
DA:32,0
FN:34,System.Collections.IEnumerable BlabberApp.DataStore.Plugins.MySqlBlab::ReadAll()
FNDA:0,System.Collections.IEnumerable BlabberApp.DataStore.Plugins.MySqlBlab::ReadAll()
DA:35,0
DA:36,0
DA:37,0
DA:38,0
DA:39,0
DA:41,0
DA:43,0
DA:45,0
DA:46,0
DA:47,0
DA:48,0
DA:50,0
DA:52,0
BRDA:45,114,1,0
BRDA:45,114,0,0
FN:54,BlabberApp.Domain.Interfaces.IEntity BlabberApp.DataStore.Plugins.MySqlBlab::ReadById(System.Guid)
FNDA:0,BlabberApp.Domain.Interfaces.IEntity BlabberApp.DataStore.Plugins.MySqlBlab::ReadById(System.Guid)
DA:55,0
DA:57,0
DA:58,0
DA:59,0
DA:60,0
DA:62,0
DA:63,0
DA:64,0
DA:66,0
DA:68,0
DA:69,0
DA:71,0
DA:72,0
DA:73,0
DA:76,0
BRDA:63,98,0,0
BRDA:63,98,1,0
FN:78,System.Collections.IEnumerable BlabberApp.DataStore.Plugins.MySqlBlab::ReadByUserId(System.String)
FNDA:0,System.Collections.IEnumerable BlabberApp.DataStore.Plugins.MySqlBlab::ReadByUserId(System.String)
DA:79,0
DA:80,0
DA:81,0
DA:82,0
DA:83,0
DA:84,0
DA:85,0
DA:86,0
DA:87,0
DA:88,0
DA:89,0
DA:91,0
DA:93,0
BRDA:86,130,1,0
BRDA:86,130,0,0
FN:95,System.Void BlabberApp.DataStore.Plugins.MySqlBlab::Update(BlabberApp.Domain.Interfaces.IEntity)
FNDA:0,System.Void BlabberApp.DataStore.Plugins.MySqlBlab::Update(BlabberApp.Domain.Interfaces.IEntity)
DA:96,0
DA:97,0
DA:98,0
DA:99,0
DA:100,0
FN:102,System.Void BlabberApp.DataStore.Plugins.MySqlBlab::Delete(BlabberApp.Domain.Interfaces.IEntity)
FNDA:0,System.Void BlabberApp.DataStore.Plugins.MySqlBlab::Delete(BlabberApp.Domain.Interfaces.IEntity)
DA:103,0
DA:104,0
DA:105,0
DA:106,0
DA:107,0
DA:108,0
FN:110,System.Void BlabberApp.DataStore.Plugins.MySqlBlab::DeleteAll(System.String)
FNDA:0,System.Void BlabberApp.DataStore.Plugins.MySqlBlab::DeleteAll(System.String)
DA:111,0
DA:112,0
DA:113,0
DA:114,0
DA:115,0
FN:116,BlabberApp.Domain.Entities.Blab BlabberApp.DataStore.Plugins.MySqlBlab::DataRow2Blab(System.Data.DataRow)
FNDA:0,BlabberApp.Domain.Entities.Blab BlabberApp.DataStore.Plugins.MySqlBlab::DataRow2Blab(System.Data.DataRow)
DA:117,0
DA:118,0
DA:120,0
DA:122,0
DA:124,0
DA:125,0
DA:126,0
DA:128,0
DA:129,0
FN:13,System.Void BlabberApp.DataStore.Plugins.MySqlBlab::.ctor()
FNDA:2,System.Void BlabberApp.DataStore.Plugins.MySqlBlab::.ctor()
DA:14,2
DA:15,2
DA:16,2
DA:17,2
DA:19,2
LF:82
LH:5
BRF:6
BRH:0
FNF:9
FNH:1
end_of_record
SF:C:\Users\ccaldwell\Documents\Projects\assignment-05-c-caldwell\BlabberApp.DataStore\Plugins\MySqlUser.cs
FN:21,System.Void BlabberApp.DataStore.Plugins.MySqlUser::Create(BlabberApp.Domain.Interfaces.IEntity)
FNDA:0,System.Void BlabberApp.DataStore.Plugins.MySqlUser::Create(BlabberApp.Domain.Interfaces.IEntity)
DA:22,0
DA:23,0
DA:24,0
DA:25,0
DA:26,0
DA:27,0
DA:28,0
DA:29,0
DA:30,0
DA:31,0
DA:32,0
FN:34,System.Collections.IEnumerable BlabberApp.DataStore.Plugins.MySqlUser::ReadAll()
FNDA:0,System.Collections.IEnumerable BlabberApp.DataStore.Plugins.MySqlUser::ReadAll()
DA:35,0
DA:36,0
DA:37,0
DA:38,0
DA:39,0
DA:41,0
DA:43,0
DA:45,0
DA:46,0
DA:47,0
DA:48,0
DA:50,0
DA:51,0
BRDA:45,119,1,0
BRDA:45,119,0,0
FN:53,BlabberApp.Domain.Interfaces.IEntity BlabberApp.DataStore.Plugins.MySqlUser::ReadById(System.Guid)
FNDA:0,BlabberApp.Domain.Interfaces.IEntity BlabberApp.DataStore.Plugins.MySqlUser::ReadById(System.Guid)
DA:54,0
DA:55,0
DA:56,0
DA:57,0
DA:58,0
DA:60,0
DA:61,0
DA:62,0
DA:63,0
DA:64,0
DA:65,0
DA:67,0
BRDA:61,98,0,0
BRDA:61,98,1,0
FN:68,BlabberApp.Domain.Interfaces.IEntity BlabberApp.DataStore.Plugins.MySqlUser::ReadByUserEmail(System.String)
FNDA:0,BlabberApp.Domain.Interfaces.IEntity BlabberApp.DataStore.Plugins.MySqlUser::ReadByUserEmail(System.String)
DA:69,0
DA:70,0
DA:71,0
DA:72,0
DA:73,0
DA:75,0
DA:76,0
DA:77,0
DA:79,0
DA:80,0
DA:81,0
DA:83,0
BRDA:76,91,0,0
BRDA:76,91,1,0
FN:85,System.Void BlabberApp.DataStore.Plugins.MySqlUser::Update(BlabberApp.Domain.Interfaces.IEntity)
FNDA:0,System.Void BlabberApp.DataStore.Plugins.MySqlUser::Update(BlabberApp.Domain.Interfaces.IEntity)
DA:86,0
DA:87,0
DA:88,0
DA:89,0
DA:90,0
FN:92,System.Void BlabberApp.DataStore.Plugins.MySqlUser::Delete(BlabberApp.Domain.Interfaces.IEntity)
FNDA:0,System.Void BlabberApp.DataStore.Plugins.MySqlUser::Delete(BlabberApp.Domain.Interfaces.IEntity)
DA:93,0
DA:94,0
DA:95,0
DA:96,0
DA:97,0
DA:98,0
FN:100,System.Void BlabberApp.DataStore.Plugins.MySqlUser::DeleteAll(System.String)
FNDA:0,System.Void BlabberApp.DataStore.Plugins.MySqlUser::DeleteAll(System.String)
DA:101,0
DA:102,0
DA:103,0
DA:104,0
DA:105,0
FN:107,BlabberApp.Domain.Entities.User BlabberApp.DataStore.Plugins.MySqlUser::DataRow2User(System.Data.DataRow)
FNDA:0,BlabberApp.Domain.Entities.User BlabberApp.DataStore.Plugins.MySqlUser::DataRow2User(System.Data.DataRow)
DA:108,0
DA:109,0
DA:111,0
DA:112,0
DA:113,0
DA:114,0
DA:116,0
DA:117,0
FN:13,System.Void BlabberApp.DataStore.Plugins.MySqlUser::.ctor()
FNDA:2,System.Void BlabberApp.DataStore.Plugins.MySqlUser::.ctor()
DA:14,2
DA:15,2
DA:16,2
DA:18,2
DA:20,2
LF:77
LH:5
BRF:6
BRH:0
FNF:9
FNH:1
end_of_record
SF:C:\Users\ccaldwell\Documents\Projects\assignment-05-c-caldwell\BlabberApp.DataStore\Adapters\BlabAdapter.cs
FN:17,System.Void BlabberApp.DataStore.Adapters.BlabAdapter::Add(BlabberApp.Domain.Entities.Blab)
FNDA:3,System.Void BlabberApp.DataStore.Adapters.BlabAdapter::Add(BlabberApp.Domain.Entities.Blab)
DA:18,3
DA:19,3
DA:20,3
FN:22,System.Void BlabberApp.DataStore.Adapters.BlabAdapter::Remove(BlabberApp.Domain.Entities.Blab)
FNDA:0,System.Void BlabberApp.DataStore.Adapters.BlabAdapter::Remove(BlabberApp.Domain.Entities.Blab)
DA:23,0
DA:24,0
DA:25,0
FN:27,System.Void BlabberApp.DataStore.Adapters.BlabAdapter::Update(BlabberApp.Domain.Entities.Blab)
FNDA:0,System.Void BlabberApp.DataStore.Adapters.BlabAdapter::Update(BlabberApp.Domain.Entities.Blab)
DA:28,0
DA:29,0
DA:30,0
FN:32,System.Collections.IEnumerable BlabberApp.DataStore.Adapters.BlabAdapter::GetAll()
FNDA:2,System.Collections.IEnumerable BlabberApp.DataStore.Adapters.BlabAdapter::GetAll()
DA:33,2
DA:34,2
DA:35,2
FN:37,BlabberApp.Domain.Entities.Blab BlabberApp.DataStore.Adapters.BlabAdapter::GetById(System.Guid)
FNDA:0,BlabberApp.Domain.Entities.Blab BlabberApp.DataStore.Adapters.BlabAdapter::GetById(System.Guid)
DA:38,0
DA:39,0
DA:40,0
FN:41,System.Collections.IEnumerable BlabberApp.DataStore.Adapters.BlabAdapter::GetByUserId(System.String)
FNDA:0,System.Collections.IEnumerable BlabberApp.DataStore.Adapters.BlabAdapter::GetByUserId(System.String)
DA:42,0
DA:43,0
DA:44,0
FN:45,System.Void BlabberApp.DataStore.Adapters.BlabAdapter::DeleteAll(System.String)
FNDA:0,System.Void BlabberApp.DataStore.Adapters.BlabAdapter::DeleteAll(System.String)
DA:46,0
DA:47,0
DA:48,0
FN:11,System.Void BlabberApp.DataStore.Adapters.BlabAdapter::.ctor(BlabberApp.DataStore.Interfaces.IBlabPlugin)
FNDA:8,System.Void BlabberApp.DataStore.Adapters.BlabAdapter::.ctor(BlabberApp.DataStore.Interfaces.IBlabPlugin)
DA:12,8
DA:13,8
DA:14,8
DA:15,8
LF:25
LH:10
BRF:0
BRH:0
FNF:8
FNH:3
end_of_record
SF:C:\Users\ccaldwell\Documents\Projects\assignment-05-c-caldwell\BlabberApp.DataStore\Adapters\UserAdapter.cs
FN:17,System.Void BlabberApp.DataStore.Adapters.UserAdapter::Add(BlabberApp.Domain.Entities.User)
FNDA:5,System.Void BlabberApp.DataStore.Adapters.UserAdapter::Add(BlabberApp.Domain.Entities.User)
DA:18,5
DA:19,5
DA:20,5
FN:22,System.Void BlabberApp.DataStore.Adapters.UserAdapter::Remove(BlabberApp.Domain.Entities.User)
FNDA:0,System.Void BlabberApp.DataStore.Adapters.UserAdapter::Remove(BlabberApp.Domain.Entities.User)
DA:23,0
DA:24,0
DA:25,0
FN:27,System.Void BlabberApp.DataStore.Adapters.UserAdapter::Update(BlabberApp.Domain.Entities.User)
FNDA:0,System.Void BlabberApp.DataStore.Adapters.UserAdapter::Update(BlabberApp.Domain.Entities.User)
DA:28,0
DA:29,0
DA:30,0
FN:32,System.Collections.IEnumerable BlabberApp.DataStore.Adapters.UserAdapter::GetAll()
FNDA:2,System.Collections.IEnumerable BlabberApp.DataStore.Adapters.UserAdapter::GetAll()
DA:33,2
DA:34,2
DA:35,2
FN:37,BlabberApp.Domain.Entities.User BlabberApp.DataStore.Adapters.UserAdapter::GetById(System.Guid)
FNDA:0,BlabberApp.Domain.Entities.User BlabberApp.DataStore.Adapters.UserAdapter::GetById(System.Guid)
DA:38,0
DA:39,0
DA:40,0
FN:42,BlabberApp.Domain.Entities.User BlabberApp.DataStore.Adapters.UserAdapter::GetByEmail(System.String)
FNDA:2,BlabberApp.Domain.Entities.User BlabberApp.DataStore.Adapters.UserAdapter::GetByEmail(System.String)
DA:43,2
DA:44,2
DA:45,2
FN:46,System.Void BlabberApp.DataStore.Adapters.UserAdapter::DeleteAll(System.String)
FNDA:0,System.Void BlabberApp.DataStore.Adapters.UserAdapter::DeleteAll(System.String)
DA:47,0
DA:48,0
DA:49,0
FN:11,System.Void BlabberApp.DataStore.Adapters.UserAdapter::.ctor(BlabberApp.DataStore.Interfaces.IUserPlugin)
FNDA:9,System.Void BlabberApp.DataStore.Adapters.UserAdapter::.ctor(BlabberApp.DataStore.Interfaces.IUserPlugin)
DA:12,9
DA:13,9
DA:14,9
DA:15,9
LF:25
LH:13
BRF:0
BRH:0
FNF:8
FNH:4
end_of_record
SF:C:\Users\ccaldwell\Documents\Projects\assignment-05-c-caldwell\BlabberApp.Domain\Entities\Blab.cs
FN:35,System.Guid BlabberApp.Domain.Entities.Blab::get_Id()
FNDA:0,System.Guid BlabberApp.Domain.Entities.Blab::get_Id()
DA:36,0
FN:36,System.DateTime BlabberApp.Domain.Entities.Blab::get_DTTM()
FNDA:0,System.DateTime BlabberApp.Domain.Entities.Blab::get_DTTM()
DA:37,0
FN:37,System.String BlabberApp.Domain.Entities.Blab::get_Message()
FNDA:0,System.String BlabberApp.Domain.Entities.Blab::get_Message()
DA:38,0
FN:38,BlabberApp.Domain.Entities.User BlabberApp.Domain.Entities.Blab::get_User()
FNDA:0,BlabberApp.Domain.Entities.User BlabberApp.Domain.Entities.Blab::get_User()
DA:39,0
FN:40,System.Boolean BlabberApp.Domain.Entities.Blab::IsValid()
FNDA:1,System.Boolean BlabberApp.Domain.Entities.Blab::IsValid()
DA:41,1
DA:43,1
DA:44,1
FN:7,System.Void BlabberApp.Domain.Entities.Blab::.ctor()
FNDA:0,System.Void BlabberApp.Domain.Entities.Blab::.ctor()
DA:8,0
DA:9,0
DA:10,0
DA:11,0
DA:12,0
DA:13,0
DA:14,0
FN:14,System.Void BlabberApp.Domain.Entities.Blab::.ctor(System.String)
FNDA:0,System.Void BlabberApp.Domain.Entities.Blab::.ctor(System.String)
DA:15,0
DA:16,0
DA:17,0
DA:18,0
DA:19,0
DA:20,0
DA:21,0
FN:21,System.Void BlabberApp.Domain.Entities.Blab::.ctor(BlabberApp.Domain.Entities.User)
FNDA:0,System.Void BlabberApp.Domain.Entities.Blab::.ctor(BlabberApp.Domain.Entities.User)
DA:22,0
DA:23,0
DA:24,0
DA:25,0
DA:26,0
DA:27,0
DA:28,0
FN:28,System.Void BlabberApp.Domain.Entities.Blab::.ctor(System.String,BlabberApp.Domain.Entities.User)
FNDA:4,System.Void BlabberApp.Domain.Entities.Blab::.ctor(System.String,BlabberApp.Domain.Entities.User)
DA:29,4
DA:30,4
DA:31,4
DA:32,4
DA:33,4
DA:34,4
DA:35,4
LF:35
LH:10
BRF:0
BRH:0
FNF:9
FNH:2
end_of_record
SF:C:\Users\ccaldwell\Documents\Projects\assignment-05-c-caldwell\BlabberApp.Domain\Entities\User.cs
FN:7,System.Guid BlabberApp.Domain.Entities.User::get_Id()
FNDA:0,System.Guid BlabberApp.Domain.Entities.User::get_Id()
DA:8,0
FN:8,System.DateTime BlabberApp.Domain.Entities.User::get_RegisterDTTM()
FNDA:0,System.DateTime BlabberApp.Domain.Entities.User::get_RegisterDTTM()
DA:9,0
FN:9,System.DateTime BlabberApp.Domain.Entities.User::get_LastLoginDTTM()
FNDA:0,System.DateTime BlabberApp.Domain.Entities.User::get_LastLoginDTTM()
DA:10,0
FN:10,System.String BlabberApp.Domain.Entities.User::get_Email()
FNDA:15,System.String BlabberApp.Domain.Entities.User::get_Email()
DA:11,15
FN:24,System.Void BlabberApp.Domain.Entities.User::ChangeEmail(System.String)
FNDA:10,System.Void BlabberApp.Domain.Entities.User::ChangeEmail(System.String)
DA:25,10
DA:26,10
DA:27,10
FN:28,System.Boolean BlabberApp.Domain.Entities.User::IsValid()
FNDA:0,System.Boolean BlabberApp.Domain.Entities.User::IsValid()
DA:29,0
DA:30,0
DA:31,0
DA:32,0
DA:33,0
DA:36,0
BRDA:30,12,0,0
BRDA:30,12,1,0
FN:12,System.Void BlabberApp.Domain.Entities.User::.ctor()
FNDA:1,System.Void BlabberApp.Domain.Entities.User::.ctor()
DA:13,1
DA:14,1
DA:15,1
DA:16,1
FN:17,System.Void BlabberApp.Domain.Entities.User::.ctor(System.String)
FNDA:10,System.Void BlabberApp.Domain.Entities.User::.ctor(System.String)
DA:18,10
DA:19,10
DA:20,10
DA:21,10
DA:22,10
LF:22
LH:13
BRF:2
BRH:0
FNF:8
FNH:4
end_of_record
SF:C:\Users\ccaldwell\Documents\Projects\assignment-05-c-caldwell\BlabberApp.Services\BlabService.cs
FN:11,System.Void BlabberApp.Services.BlabService::AddBlab(System.String,System.String)
FNDA:2,System.Void BlabberApp.Services.BlabService::AddBlab(System.String,System.String)
DA:12,2
DA:13,2
DA:14,2
FN:15,System.Void BlabberApp.Services.BlabService::AddBlab(BlabberApp.Domain.Entities.Blab)
FNDA:1,System.Void BlabberApp.Services.BlabService::AddBlab(BlabberApp.Domain.Entities.Blab)
DA:16,1
DA:17,1
DA:18,1
FN:24,System.Collections.IEnumerable BlabberApp.Services.BlabService::GetAll()
FNDA:2,System.Collections.IEnumerable BlabberApp.Services.BlabService::GetAll()
DA:25,2
DA:26,2
DA:27,2
FN:28,System.Collections.IEnumerable BlabberApp.Services.BlabService::FindUserBlabs(System.String)
FNDA:1,System.Collections.IEnumerable BlabberApp.Services.BlabService::FindUserBlabs(System.String)
DA:29,1
DA:30,1
DA:33,1
FN:34,BlabberApp.Domain.Entities.Blab BlabberApp.Services.BlabService::CreateBlab(System.String,System.String)
FNDA:3,BlabberApp.Domain.Entities.Blab BlabberApp.Services.BlabService::CreateBlab(System.String,System.String)
DA:35,3
DA:36,3
DA:37,3
DA:38,3
FN:39,BlabberApp.Domain.Entities.Blab BlabberApp.Services.BlabService::CreateBlab(System.String,BlabberApp.Domain.Entities.User)
FNDA:1,BlabberApp.Domain.Entities.Blab BlabberApp.Services.BlabService::CreateBlab(System.String,BlabberApp.Domain.Entities.User)
DA:40,1
DA:41,1
DA:42,1
FN:18,System.Void BlabberApp.Services.BlabService::.ctor(BlabberApp.DataStore.Adapters.BlabAdapter)
FNDA:5,System.Void BlabberApp.Services.BlabService::.ctor(BlabberApp.DataStore.Adapters.BlabAdapter)
DA:19,5
DA:20,5
DA:21,5
DA:22,5
LF:23
LH:23
BRF:0
BRH:0
FNF:7
FNH:7
end_of_record
SF:C:\Users\ccaldwell\Documents\Projects\assignment-05-c-caldwell\BlabberApp.Services\BlabServiceFactory.cs
FN:9,BlabberApp.DataStore.Adapters.BlabAdapter BlabberApp.Services.BlabServiceFactory::CreateBlabAdapter(BlabberApp.DataStore.Interfaces.IBlabPlugin)
FNDA:8,BlabberApp.DataStore.Adapters.BlabAdapter BlabberApp.Services.BlabServiceFactory::CreateBlabAdapter(BlabberApp.DataStore.Interfaces.IBlabPlugin)
DA:10,8
DA:11,8
DA:12,6
DA:13,6
DA:14,6
DA:16,8
DA:17,8
BRDA:11,7,0,6
BRDA:11,7,1,8
FN:18,BlabberApp.DataStore.Interfaces.IBlabPlugin BlabberApp.Services.BlabServiceFactory::CreateBlabPlugin(System.String)
FNDA:8,BlabberApp.DataStore.Interfaces.IBlabPlugin BlabberApp.Services.BlabServiceFactory::CreateBlabPlugin(System.String)
DA:19,8
DA:20,8
DA:21,2
DA:22,2
DA:25,6
DA:26,8
BRDA:20,19,0,2
BRDA:20,19,1,6
FN:28,BlabberApp.Services.BlabService BlabberApp.Services.BlabServiceFactory::CreateBlabService(BlabberApp.DataStore.Adapters.BlabAdapter)
FNDA:5,BlabberApp.Services.BlabService BlabberApp.Services.BlabServiceFactory::CreateBlabService(BlabberApp.DataStore.Adapters.BlabAdapter)
DA:29,5
DA:30,5
DA:31,5
DA:32,5
DA:33,5
DA:35,5
DA:36,5
BRDA:30,7,0,5
BRDA:30,7,1,5
LF:20
LH:20
BRF:6
BRH:6
FNF:3
FNH:3
end_of_record
SF:C:\Users\ccaldwell\Documents\Projects\assignment-05-c-caldwell\BlabberApp.Services\UserService.cs
FN:16,System.Collections.IEnumerable BlabberApp.Services.UserService::GetAll()
FNDA:2,System.Collections.IEnumerable BlabberApp.Services.UserService::GetAll()
DA:17,2
DA:18,2
DA:19,2
FN:21,System.Void BlabberApp.Services.UserService::AddNewUser(System.String)
FNDA:5,System.Void BlabberApp.Services.UserService::AddNewUser(System.String)
DA:22,5
DA:24,5
DA:25,5
DA:26,5
DA:27,0
DA:28,0
DA:29,0
DA:31,5
FN:33,BlabberApp.Domain.Entities.User BlabberApp.Services.UserService::CreateUser(System.String)
FNDA:7,BlabberApp.Domain.Entities.User BlabberApp.Services.UserService::CreateUser(System.String)
DA:34,7
DA:35,7
DA:36,7
FN:38,BlabberApp.Domain.Entities.User BlabberApp.Services.UserService::FindUser(System.String)
FNDA:2,BlabberApp.Domain.Entities.User BlabberApp.Services.UserService::FindUser(System.String)
DA:39,2
DA:40,2
DA:41,2
FN:10,System.Void BlabberApp.Services.UserService::.ctor(BlabberApp.DataStore.Adapters.UserAdapter)
FNDA:6,System.Void BlabberApp.Services.UserService::.ctor(BlabberApp.DataStore.Adapters.UserAdapter)
DA:11,6
DA:12,6
DA:13,6
DA:14,6
LF:21
LH:18
BRF:0
BRH:0
FNF:5
FNH:5
end_of_record
SF:C:\Users\ccaldwell\Documents\Projects\assignment-05-c-caldwell\BlabberApp.Services\UserServiceFactory.cs
FN:9,BlabberApp.DataStore.Adapters.UserAdapter BlabberApp.Services.UserServiceFactory::CreateUserAdapter(BlabberApp.DataStore.Interfaces.IUserPlugin)
FNDA:9,BlabberApp.DataStore.Adapters.UserAdapter BlabberApp.Services.UserServiceFactory::CreateUserAdapter(BlabberApp.DataStore.Interfaces.IUserPlugin)
DA:10,9
DA:11,9
DA:12,7
DA:13,7
DA:14,7
DA:16,9
DA:17,9
BRDA:11,7,0,7
BRDA:11,7,1,9
FN:18,BlabberApp.DataStore.Interfaces.IUserPlugin BlabberApp.Services.UserServiceFactory::CreateUserPlugin(System.String)
FNDA:9,BlabberApp.DataStore.Interfaces.IUserPlugin BlabberApp.Services.UserServiceFactory::CreateUserPlugin(System.String)
DA:19,9
DA:20,9
DA:21,2
DA:22,2
DA:25,7
DA:26,9
BRDA:20,19,0,2
BRDA:20,19,1,7
FN:28,BlabberApp.Services.UserService BlabberApp.Services.UserServiceFactory::CreateUserService(BlabberApp.DataStore.Adapters.UserAdapter)
FNDA:6,BlabberApp.Services.UserService BlabberApp.Services.UserServiceFactory::CreateUserService(BlabberApp.DataStore.Adapters.UserAdapter)
DA:29,6
DA:30,6
DA:31,6
DA:32,6
DA:33,6
DA:35,6
DA:36,6
BRDA:30,7,0,6
BRDA:30,7,1,6
LF:20
LH:20
BRF:6
BRH:6
FNF:3
FNH:3
end_of_record